<?xml version="1.0" encoding="UTF-8"?>
<!-- Generated by org.testng.reporters.JUnitXMLReporter -->
<testsuite ignored="0" hostname="Noman" failures="1" tests="1" name="Reading browser details from testng xml" time="0.027" errors="0" timestamp="2022-04-28T11:48:22 BDT">
  <testcase classname="ui.ParameterPassLoginTest" name="launchApplication" time="0.005">
    <failure type="java.lang.NullPointerException" message="Cannot invoke &amp;quot;org.openqa.selenium.WebDriver.get(String)&amp;quot; because &amp;quot;ui.ParameterPassLoginTest.driver&amp;quot; is null">
      <![CDATA[java.lang.NullPointerException: Cannot invoke "org.openqa.selenium.WebDriver.get(String)" because "ui.ParameterPassLoginTest.driver" is null
at ui.ParameterPassLoginTest.launchApplication(ParameterPassLoginTest.java:32)
at java.base/java.util.ArrayList.forEach(ArrayList.java:1511)
... Removed 27 stack frames]]>
    </failure>
  </testcase> <!-- launchApplication -->
</testsuite> <!-- Reading browser details from testng xml -->
