<?xml version="1.0" encoding="UTF-8"?>
<!-- Generated by org.testng.reporters.JUnitXMLReporter -->
<testsuite ignored="5" hostname="Noman" failures="0" tests="14" name="Functional Testing" time="6.233" errors="0" timestamp="2022-03-30T17:45:03 BDT">
  <testcase classname="ui.SkipTest" name="skipTest2" time="0.002">
    <skipped/>
  </testcase> <!-- skipTest2 -->
  <testcase classname="ui.SkipTest" name="skipTest3" time="0.0"/>
  <testcase classname="ui.GroupTest" name="test3" time="0.0"/>
  <testcase classname="ui.GroupTest" name="test4" time="0.001"/>
  <testcase classname="ui.GroupTest" name="test1" time="0.001"/>
  <testcase classname="ui.GroupTest" name="test2" time="0.001"/>
  <testcase classname="ui.LoginTest1" name="logoutTest" time="0.0"/>
  <testcase classname="ui.LoginTest1" name="loginTest" time="0.0"/>
  <testcase classname="ui.LoginTest2" name="logoutTest" time="0.001"/>
  <testcase classname="ui.LoginTest2" name="loginTest" time="0.0"/>
  <testcase classname="ui.VerifyTitleTest" name="titleTest" time="3.491"/>
  <testcase classname="ui.LoginTest3" name="logoutTest" time="0.0"/>
  <testcase classname="ui.LoginTest3" name="loginTest" time="0.0"/>
  <testcase classname="ui.VerifyTitleAndTextTest" name="titleTest" time="2.704"/>
  <testcase classname="common.CommonDataSetup" name="@AfterSuite dataTeardown" time="0.0">
    <ignored/>
  </testcase> <!-- @AfterSuite dataTeardown -->
  <testcase classname="common.CommonDataSetup" name="@AfterSuite dataTeardown" time="0.0">
    <ignored/>
  </testcase> <!-- @AfterSuite dataTeardown -->
  <testcase classname="common.CommonDataSetup" name="@BeforeSuite dataSetuo" time="0.0">
    <ignored/>
  </testcase> <!-- @BeforeSuite dataSetuo -->
  <testcase classname="common.CommonDataSetup" name="@BeforeSuite dataSetuo" time="0.0">
    <ignored/>
  </testcase> <!-- @BeforeSuite dataSetuo -->
  <testcase classname="ui.SkipTest" name="skipTest1" time="0.0">
    <ignored/>
  </testcase> <!-- skipTest1 -->
</testsuite> <!-- Functional Testing -->
