<?xml version="1.0" encoding="UTF-8"?>
<!-- Generated by org.testng.reporters.JUnitXMLReporter -->
<testsuite ignored="0" hostname="Noman" failures="0" tests="12" name="Functional Testing" time="6.171" errors="0" timestamp="2022-03-13T12:14:59 BDT">
  <testcase classname="ui.GroupTest" name="test3" time="0.003"/>
  <testcase classname="ui.GroupTest" name="test4" time="0.0"/>
  <testcase classname="ui.GroupTest" name="test1" time="0.0"/>
  <testcase classname="ui.GroupTest" name="test2" time="0.001"/>
  <testcase classname="ui.LoginTest1" name="logoutTest" time="0.001"/>
  <testcase classname="ui.LoginTest1" name="loginTest" time="0.001"/>
  <testcase classname="ui.LoginTest2" name="logoutTest" time="0.0"/>
  <testcase classname="ui.LoginTest2" name="loginTest" time="0.001"/>
  <testcase classname="ui.VerifyTitleTest" name="titleTest" time="3.34"/>
  <testcase classname="ui.LoginTest3" name="logoutTest" time="0.001"/>
  <testcase classname="ui.LoginTest3" name="loginTest" time="0.0"/>
  <testcase classname="ui.VerifyTitleAndTextTest" name="titleTest" time="2.788"/>
</testsuite> <!-- Functional Testing -->
