<?xml version="1.0" encoding="UTF-8"?>
<!-- Generated by org.testng.reporters.JUnitXMLReporter -->
<testsuite ignored="7" hostname="Noman" failures="0" tests="12" name="Functional Testing" time="0.023" errors="0" timestamp="2022-03-30T17:45:03 BDT">
  <testcase classname="ui.GroupTest" name="test3" time="0.002"/>
  <testcase classname="ui.GroupTest" name="test4" time="0.001"/>
  <testcase classname="ui.GroupTest" name="test1" time="0.0"/>
  <testcase classname="ui.GroupTest" name="test2" time="0.001"/>
  <testcase classname="ui.BeforeAfterTest2" name="test3" time="0.0"/>
  <testcase classname="ui.BeforeAfterTest2" name="test4" time="0.001"/>
  <testcase classname="ui.BeforeAfterTest2" name="test1" time="0.001"/>
  <testcase classname="ui.BeforeAfterTest2" name="test2" time="0.001"/>
  <testcase classname="ui.SkipTest" name="skipTest2" time="0.001">
    <skipped/>
  </testcase> <!-- skipTest2 -->
  <testcase classname="ui.SkipTest" name="skipTest3" time="0.001"/>
  <testcase classname="ui.LoginTest3" name="logoutTest" time="0.0"/>
  <testcase classname="ui.LoginTest3" name="loginTest" time="0.001"/>
  <testcase classname="common.CommonDataSetup" name="@AfterSuite dataTeardown" time="0.0">
    <ignored/>
  </testcase> <!-- @AfterSuite dataTeardown -->
  <testcase classname="common.CommonDataSetup" name="@AfterSuite dataTeardown" time="0.0">
    <ignored/>
  </testcase> <!-- @AfterSuite dataTeardown -->
  <testcase classname="common.CommonDataSetup" name="@AfterSuite dataTeardown" time="0.0">
    <ignored/>
  </testcase> <!-- @AfterSuite dataTeardown -->
  <testcase classname="common.CommonDataSetup" name="@BeforeSuite dataSetuo" time="0.0">
    <ignored/>
  </testcase> <!-- @BeforeSuite dataSetuo -->
  <testcase classname="common.CommonDataSetup" name="@BeforeSuite dataSetuo" time="0.0">
    <ignored/>
  </testcase> <!-- @BeforeSuite dataSetuo -->
  <testcase classname="common.CommonDataSetup" name="@BeforeSuite dataSetuo" time="0.0">
    <ignored/>
  </testcase> <!-- @BeforeSuite dataSetuo -->
  <testcase classname="ui.SkipTest" name="skipTest1" time="0.0">
    <ignored/>
  </testcase> <!-- skipTest1 -->
</testsuite> <!-- Functional Testing -->
