<?xml version="1.0" encoding="UTF-8"?>
<!-- Generated by org.testng.reporters.JUnitXMLReporter -->
<testsuite ignored="0" hostname="Noman" failures="0" tests="4" name="Default test" time="22.442" errors="0" timestamp="2022-04-10T14:46:57 BDT">
  <testcase classname="ui.DataProviderDemoTest" name="test" time="9.15"/>
  <testcase classname="ui.DataProviderDemoTest" name="test" time="1.32"/>
  <testcase classname="ui.DataProviderDemoTest" name="test" time="1.358"/>
  <testcase classname="ui.DataProviderDemoTest" name="test" time="10.584"/>
</testsuite> <!-- Default test -->
