<?xml version="1.0" encoding="UTF-8"?>
<!-- Generated by org.testng.reporters.JUnitXMLReporter -->
<testsuite ignored="0" hostname="Noman" failures="0" tests="12" name="Default test" time="0.047" errors="0" timestamp="2022-04-24T14:58:30 BDT">
  <testcase classname="ui.DataProviderDemoClass2" name="test" time="0.004"/>
  <testcase classname="ui.DataProviderDemoClass2" name="test" time="0.0"/>
  <testcase classname="ui.DataProviderDemoClass2" name="test" time="0.0"/>
  <testcase classname="ui.DataProviderDemoClass2" name="test" time="0.001"/>
  <testcase classname="ui.DataProviderDemoClass2" name="test1" time="0.0"/>
  <testcase classname="ui.DataProviderDemoClass2" name="test1" time="0.001"/>
  <testcase classname="ui.DataProviderDemoClass2" name="test1" time="0.001"/>
  <testcase classname="ui.DataProviderDemoClass2" name="test1" time="0.0"/>
  <testcase classname="ui.DataProviderDemoClass2" name="test2" time="0.003"/>
  <testcase classname="ui.DataProviderDemoClass2" name="test2" time="0.0"/>
  <testcase classname="ui.DataProviderDemoClass2" name="test2" time="0.001"/>
  <testcase classname="ui.DataProviderDemoClass2" name="test2" time="0.0"/>
</testsuite> <!-- Default test -->
