<?xml version="1.0" encoding="UTF-8"?>
<!-- Generated by org.testng.reporters.JUnitXMLReporter -->
<testsuite ignored="1" hostname="Noman" failures="0" tests="3" name="Regression" time="0.028" errors="0" timestamp="2022-03-13T12:23:57 BDT">
  <testcase classname="ui.GroupTest" name="test3" time="0.005"/>
  <testcase classname="ui.GroupTest" name="test1" time="0.001"/>
  <testcase classname="ui.GroupTest" name="test2" time="0.001"/>
  <testcase classname="ui.GroupTest" name="test4" time="0.0">
    <ignored/>
  </testcase> <!-- test4 -->
</testsuite> <!-- Regression -->
