<?xml version="1.0" encoding="UTF-8"?>
<!-- Generated by org.testng.reporters.JUnitXMLReporter -->
<testsuite ignored="3" hostname="Noman" failures="0" tests="3" name="Regression" time="0.03" errors="0" timestamp="2022-03-13T12:21:39 BDT">
  <testcase classname="ui.GroupTest" name="test3" time="0.004"/>
  <testcase classname="ui.GroupTest" name="test1" time="0.001"/>
  <testcase classname="ui.GroupTest" name="test2" time="0.001"/>
  <testcase classname="ui.LoginTest1" name="logoutTest" time="0.0">
    <ignored/>
  </testcase> <!-- logoutTest -->
  <testcase classname="ui.LoginTest1" name="loginTest" time="0.0">
    <ignored/>
  </testcase> <!-- loginTest -->
  <testcase classname="ui.GroupTest" name="test4" time="0.0">
    <ignored/>
  </testcase> <!-- test4 -->
</testsuite> <!-- Regression -->
