<?xml version="1.0" encoding="UTF-8"?>
<!-- Generated by org.testng.reporters.JUnitXMLReporter -->
<testsuite ignored="0" hostname="Noman" failures="0" tests="6" name="Regression" time="0.011" errors="0" timestamp="2022-03-30T17:37:56 BDT">
  <testcase classname="ui.GroupTest" name="test3" time="0.0"/>
  <testcase classname="ui.GroupTest" name="test4" time="0.001"/>
  <testcase classname="ui.GroupTest" name="test1" time="0.0"/>
  <testcase classname="ui.GroupTest" name="test2" time="0.001"/>
  <testcase classname="ui.LoginTest1" name="logoutTest" time="0.0"/>
  <testcase classname="ui.LoginTest1" name="loginTest" time="0.001"/>
</testsuite> <!-- Regression -->
