<?xml version="1.0" encoding="UTF-8"?>
<!-- Generated by org.testng.reporters.JUnitXMLReporter -->
<testsuite ignored="2" hostname="Noman" failures="0" tests="6" name="GRP-regression" time="0.039" errors="0" timestamp="2022-03-30T15:56:26 BDT">
  <testcase classname="ui.BeforeAfterTest" name="test3" time="0.003"/>
  <testcase classname="ui.BeforeAfterTest" name="test1" time="0.001"/>
  <testcase classname="ui.BeforeAfterTest" name="test2" time="0.0"/>
  <testcase classname="ui.GroupTest" name="test3" time="0.001"/>
  <testcase classname="ui.GroupTest" name="test1" time="0.001"/>
  <testcase classname="ui.GroupTest" name="test2" time="0.0"/>
  <testcase classname="ui.BeforeAfterTest" name="test4" time="0.0">
    <ignored/>
  </testcase> <!-- test4 -->
  <testcase classname="ui.GroupTest" name="test4" time="0.0">
    <ignored/>
  </testcase> <!-- test4 -->
</testsuite> <!-- GRP-regression -->
