<?xml version="1.0" encoding="UTF-8"?>
<!-- Generated by org.testng.reporters.JUnitXMLReporter -->
<testsuite ignored="0" hostname="Noman" failures="0" tests="4" name="GRP-user-registration" time="0.031" errors="0" timestamp="2022-03-09T17:20:05 BDT">
  <testcase classname="ui.GroupTest" name="test3" time="0.004"/>
  <testcase classname="ui.GroupTest" name="test4" time="0.001"/>
  <testcase classname="ui.GroupTest" name="test1" time="0.001"/>
  <testcase classname="ui.GroupTest" name="test2" time="0.001"/>
</testsuite> <!-- GRP-user-registration -->
