<?xml version="1.0" encoding="UTF-8"?>
<!-- Generated by org.testng.reporters.JUnitXMLReporter -->
<testsuite ignored="2" hostname="Noman" failures="0" tests="2" name="GRP-bvt" time="0.025" errors="0" timestamp="2022-03-09T17:17:22 BDT">
  <testcase classname="ui.GroupTest" name="test3" time="0.004"/>
  <testcase classname="ui.GroupTest" name="test4" time="0.0"/>
  <testcase classname="ui.GroupTest" name="test1" time="0.0">
    <ignored/>
  </testcase> <!-- test1 -->
  <testcase classname="ui.GroupTest" name="test2" time="0.0">
    <ignored/>
  </testcase> <!-- test2 -->
</testsuite> <!-- GRP-bvt -->
