<?xml version="1.0" encoding="UTF-8"?>
<testng-results ignored="0" total="12" passed="12" failed="0" skipped="0">
  <reporter-output>
  </reporter-output>
  <suite started-at="2022-04-24T14:58:30 BDT" name="Default suite" finished-at="2022-04-24T14:58:30 BDT" duration-ms="47">
    <groups>
    </groups>
    <test started-at="2022-04-24T14:58:30 BDT" name="Default test" finished-at="2022-04-24T14:58:30 BDT" duration-ms="47">
      <class name="ui.DataProviderDemoClass2">
        <test-method signature="test(java.lang.String,java.lang.String)[pri:0, instance:ui.DataProviderDemoClass2@5f9b2141]" started-at="2022-04-24T14:58:30 BDT" name="test" data-provider="create" finished-at="2022-04-24T14:58:30 BDT" duration-ms="4" status="PASS">
          <params>
            <param index="0">
              <value>
                <![CDATA[username1]]>
              </value>
            </param>
            <param index="1">
              <value>
                <![CDATA[password1]]>
              </value>
            </param>
          </params>
          <reporter-output>
          </reporter-output>
        </test-method> <!-- test -->
        <test-method signature="test(java.lang.String,java.lang.String)[pri:0, instance:ui.DataProviderDemoClass2@5f9b2141]" started-at="2022-04-24T14:58:30 BDT" name="test" data-provider="create" finished-at="2022-04-24T14:58:30 BDT" duration-ms="0" status="PASS">
          <params>
            <param index="0">
              <value>
                <![CDATA[username2]]>
              </value>
            </param>
            <param index="1">
              <value>
                <![CDATA[password2]]>
              </value>
            </param>
          </params>
          <reporter-output>
          </reporter-output>
        </test-method> <!-- test -->
        <test-method signature="test(java.lang.String,java.lang.String)[pri:0, instance:ui.DataProviderDemoClass2@5f9b2141]" started-at="2022-04-24T14:58:30 BDT" name="test" data-provider="create" finished-at="2022-04-24T14:58:30 BDT" duration-ms="0" status="PASS">
          <params>
            <param index="0">
              <value>
                <![CDATA[username3]]>
              </value>
            </param>
            <param index="1">
              <value>
                <![CDATA[password3]]>
              </value>
            </param>
          </params>
          <reporter-output>
          </reporter-output>
        </test-method> <!-- test -->
        <test-method signature="test(java.lang.String,java.lang.String)[pri:0, instance:ui.DataProviderDemoClass2@5f9b2141]" started-at="2022-04-24T14:58:30 BDT" name="test" data-provider="create" finished-at="2022-04-24T14:58:30 BDT" duration-ms="1" status="PASS">
          <params>
            <param index="0">
              <value>
                <![CDATA[username4]]>
              </value>
            </param>
            <param index="1">
              <value>
                <![CDATA[password4]]>
              </value>
            </param>
          </params>
          <reporter-output>
          </reporter-output>
        </test-method> <!-- test -->
        <test-method signature="test1(java.lang.String,java.lang.String,java.lang.String)[pri:0, instance:ui.DataProviderDemoClass2@5f9b2141]" started-at="2022-04-24T14:58:30 BDT" name="test1" data-provider="create" finished-at="2022-04-24T14:58:30 BDT" duration-ms="0" status="PASS">
          <params>
            <param index="0">
              <value>
                <![CDATA[username1]]>
              </value>
            </param>
            <param index="1">
              <value>
                <![CDATA[password1]]>
              </value>
            </param>
            <param index="2">
              <value>
                <![CDATA[third1]]>
              </value>
            </param>
          </params>
          <reporter-output>
          </reporter-output>
        </test-method> <!-- test1 -->
        <test-method signature="test1(java.lang.String,java.lang.String,java.lang.String)[pri:0, instance:ui.DataProviderDemoClass2@5f9b2141]" started-at="2022-04-24T14:58:30 BDT" name="test1" data-provider="create" finished-at="2022-04-24T14:58:30 BDT" duration-ms="1" status="PASS">
          <params>
            <param index="0">
              <value>
                <![CDATA[username2]]>
              </value>
            </param>
            <param index="1">
              <value>
                <![CDATA[password2]]>
              </value>
            </param>
            <param index="2">
              <value>
                <![CDATA[third2]]>
              </value>
            </param>
          </params>
          <reporter-output>
          </reporter-output>
        </test-method> <!-- test1 -->
        <test-method signature="test1(java.lang.String,java.lang.String,java.lang.String)[pri:0, instance:ui.DataProviderDemoClass2@5f9b2141]" started-at="2022-04-24T14:58:30 BDT" name="test1" data-provider="create" finished-at="2022-04-24T14:58:30 BDT" duration-ms="1" status="PASS">
          <params>
            <param index="0">
              <value>
                <![CDATA[username3]]>
              </value>
            </param>
            <param index="1">
              <value>
                <![CDATA[password3]]>
              </value>
            </param>
            <param index="2">
              <value>
                <![CDATA[third3]]>
              </value>
            </param>
          </params>
          <reporter-output>
          </reporter-output>
        </test-method> <!-- test1 -->
        <test-method signature="test1(java.lang.String,java.lang.String,java.lang.String)[pri:0, instance:ui.DataProviderDemoClass2@5f9b2141]" started-at="2022-04-24T14:58:30 BDT" name="test1" data-provider="create" finished-at="2022-04-24T14:58:30 BDT" duration-ms="0" status="PASS">
          <params>
            <param index="0">
              <value>
                <![CDATA[username4]]>
              </value>
            </param>
            <param index="1">
              <value>
                <![CDATA[password4]]>
              </value>
            </param>
            <param index="2">
              <value>
                <![CDATA[third4]]>
              </value>
            </param>
          </params>
          <reporter-output>
          </reporter-output>
        </test-method> <!-- test1 -->
        <test-method signature="test2(java.lang.String,java.lang.String,java.lang.String,java.lang.String)[pri:0, instance:ui.DataProviderDemoClass2@5f9b2141]" started-at="2022-04-24T14:58:30 BDT" name="test2" data-provider="create" finished-at="2022-04-24T14:58:30 BDT" duration-ms="3" status="PASS">
          <params>
            <param index="0">
              <value>
                <![CDATA[username1]]>
              </value>
            </param>
            <param index="1">
              <value>
                <![CDATA[password1]]>
              </value>
            </param>
            <param index="2">
              <value>
                <![CDATA[third1]]>
              </value>
            </param>
            <param index="3">
              <value>
                <![CDATA[fourth1]]>
              </value>
            </param>
          </params>
          <reporter-output>
          </reporter-output>
        </test-method> <!-- test2 -->
        <test-method signature="test2(java.lang.String,java.lang.String,java.lang.String,java.lang.String)[pri:0, instance:ui.DataProviderDemoClass2@5f9b2141]" started-at="2022-04-24T14:58:30 BDT" name="test2" data-provider="create" finished-at="2022-04-24T14:58:30 BDT" duration-ms="0" status="PASS">
          <params>
            <param index="0">
              <value>
                <![CDATA[username2]]>
              </value>
            </param>
            <param index="1">
              <value>
                <![CDATA[password2]]>
              </value>
            </param>
            <param index="2">
              <value>
                <![CDATA[third2]]>
              </value>
            </param>
            <param index="3">
              <value>
                <![CDATA[fourth2]]>
              </value>
            </param>
          </params>
          <reporter-output>
          </reporter-output>
        </test-method> <!-- test2 -->
        <test-method signature="test2(java.lang.String,java.lang.String,java.lang.String,java.lang.String)[pri:0, instance:ui.DataProviderDemoClass2@5f9b2141]" started-at="2022-04-24T14:58:30 BDT" name="test2" data-provider="create" finished-at="2022-04-24T14:58:30 BDT" duration-ms="1" status="PASS">
          <params>
            <param index="0">
              <value>
                <![CDATA[username3]]>
              </value>
            </param>
            <param index="1">
              <value>
                <![CDATA[password3]]>
              </value>
            </param>
            <param index="2">
              <value>
                <![CDATA[third3]]>
              </value>
            </param>
            <param index="3">
              <value>
                <![CDATA[fourth3]]>
              </value>
            </param>
          </params>
          <reporter-output>
          </reporter-output>
        </test-method> <!-- test2 -->
        <test-method signature="test2(java.lang.String,java.lang.String,java.lang.String,java.lang.String)[pri:0, instance:ui.DataProviderDemoClass2@5f9b2141]" started-at="2022-04-24T14:58:30 BDT" name="test2" data-provider="create" finished-at="2022-04-24T14:58:30 BDT" duration-ms="0" status="PASS">
          <params>
            <param index="0">
              <value>
                <![CDATA[username4]]>
              </value>
            </param>
            <param index="1">
              <value>
                <![CDATA[password4]]>
              </value>
            </param>
            <param index="2">
              <value>
                <![CDATA[third4]]>
              </value>
            </param>
            <param index="3">
              <value>
                <![CDATA[fourth4]]>
              </value>
            </param>
          </params>
          <reporter-output>
          </reporter-output>
        </test-method> <!-- test2 -->
      </class> <!-- ui.DataProviderDemoClass2 -->
    </test> <!-- Default test -->
  </suite> <!-- Default suite -->
</testng-results>
