<?xml version="1.0" encoding="UTF-8"?>
<!-- Generated by org.testng.reporters.JUnitXMLReporter -->
<testsuite ignored="0" hostname="Noman" failures="0" tests="4" name="Reports Testing" time="0.025" errors="0" timestamp="2022-06-28T16:59:36 BDT">
  <testcase classname="common.BaseTest" name="@BeforeSuite launchBrowser" time="0.01">
    <failure type="java.lang.ExceptionInInitializerError">
      <![CDATA[java.lang.ExceptionInInitializerError
at io.github.bonigarcia.wdm.config.Config.defaultOsName(Config.java:346)
at io.github.bonigarcia.wdm.config.Config.<init>(Config.java:103)
at io.github.bonigarcia.wdm.WebDriverManager.<init>(WebDriverManager.java:189)
at io.github.bonigarcia.wdm.managers.FirefoxDriverManager.<init>(FirefoxDriverManager.java:41)
at io.github.bonigarcia.wdm.WebDriverManager.firefoxdriver(WebDriverManager.java:212)
at common.BaseTest.launchBrowser(BaseTest.java:16)
Caused by: java.lang.NumberFormatException: multiple points
at java.base/jdk.internal.math.FloatingDecimal.readJavaFormatString(FloatingDecimal.java:1914)
at java.base/jdk.internal.math.FloatingDecimal.parseFloat(FloatingDecimal.java:122)
at java.base/java.lang.Float.parseFloat(Float.java:476)
at org.apache.commons.lang.SystemUtils.getJavaVersionAsFloat(SystemUtils.java:1117)
at org.apache.commons.lang.SystemUtils.<clinit>(SystemUtils.java:817)
... 25 more
... Removed 19 stack frames]]>
    </failure>
  </testcase> <!-- @BeforeSuite launchBrowser -->
  <testcase classname="ui.ReportsTest" name="reporterTest1" time="0.0">
    <skipped/>
  </testcase> <!-- reporterTest1 -->
  <testcase classname="ui.ReportsTest" name="reporterTest2" time="0.0">
    <skipped/>
  </testcase> <!-- reporterTest2 -->
  <testcase classname="ui.ReportsTest" name="reporterTest3" time="0.0">
    <skipped/>
  </testcase> <!-- reporterTest3 -->
  <testcase classname="ui.ReportsTest" name="reporterTest4" time="0.0">
    <skipped/>
  </testcase> <!-- reporterTest4 -->
</testsuite> <!-- Reports Testing -->
