<?xml version="1.0" encoding="UTF-8"?>
<!-- Generated by org.testng.reporters.JUnitXMLReporter -->
<testsuite ignored="0" hostname="Noman" failures="0" tests="4" name="Reports Testing" time="0.035" errors="0" timestamp="2022-06-20T10:46:11 BDT">
  <testcase classname="ui.ReportsTest" name="reporterTest1" time="0.006"/>
  <testcase classname="ui.ReportsTest" name="reporterTest2" time="0.001"/>
  <testcase classname="ui.ReportsTest" name="reporterTest3" time="0.001"/>
  <testcase classname="ui.ReportsTest" name="reporterTest4" time="0.0"/>
</testsuite> <!-- Reports Testing -->
