<?xml version="1.0" encoding="UTF-8"?>
<!-- Generated by org.testng.reporters.JUnitXMLReporter -->
<testsuite ignored="0" hostname="Noman" failures="0" tests="4" name="Test Before Suite After Suite" time="0.028" errors="0" timestamp="2022-03-30T17:32:51 BDT">
  <testcase classname="ui.BeforeAfterTest2" name="test3" time="0.003"/>
  <testcase classname="ui.BeforeAfterTest2" name="test4" time="0.001"/>
  <testcase classname="ui.BeforeAfterTest2" name="test1" time="0.001"/>
  <testcase classname="ui.BeforeAfterTest2" name="test2" time="0.001"/>
</testsuite> <!-- Test Before Suite After Suite -->
